<?xml version="1.0" encoding="UTF-8"?>
<!-- Generated by org.testng.reporters.JUnitXMLReporter -->
<testsuite hostname="YY226163" ignored="0" name="Default test" tests="3" failures="0" timestamp="2022-05-31T07:55:09 IST" time="0.158" errors="0">
  <testcase name="aMethod" time="0.019" classname="www.testng.com.Data_Provider"/>
  <testcase name="aMethod" time="0.003" classname="www.testng.com.Data_Provider"/>
  <testcase name="aMethod" time="0.002" classname="www.testng.com.Data_Provider"/>
</testsuite> <!-- Default test -->
