<?xml version="1.0" encoding="UTF-8"?>
<!-- Generated by org.testng.reporters.JUnitXMLReporter -->
<testsuite hostname="YY226163" ignored="0" name="Test" tests="3" failures="3" timestamp="2022-05-30T18:59:20 IST" time="0.249" errors="0">
  <testcase name="aMethod" time="0.0" classname="www.testng.com.Parameter">
    <failure type="org.testng.TestNGException" message="
Cannot inject @Test annotated Method [aMethod] with [class java.lang.String].
For more information on native dependency injection please refer to https://testng.org/doc/documentation-main.html#native-dependency-injection">
      <![CDATA[org.testng.TestNGException: 
Cannot inject @Test annotated Method [aMethod] with [class java.lang.String].
For more information on native dependency injection please refer to https://testng.org/doc/documentation-main.html#native-dependency-injection
at java.util.ArrayList.forEach(Unknown Source)
... Removed 26 stack frames]]>
    </failure>
  </testcase> <!-- aMethod -->
  <testcase name="bMetho" time="0.0" classname="www.testng.com.Parameter">
    <failure type="org.testng.TestNGException" message="
Cannot inject @Test annotated Method [bMetho] with [class java.lang.String].
For more information on native dependency injection please refer to https://testng.org/doc/documentation-main.html#native-dependency-injection">
      <![CDATA[org.testng.TestNGException: 
Cannot inject @Test annotated Method [bMetho] with [class java.lang.String].
For more information on native dependency injection please refer to https://testng.org/doc/documentation-main.html#native-dependency-injection
at java.util.ArrayList.forEach(Unknown Source)
... Removed 26 stack frames]]>
    </failure>
  </testcase> <!-- bMetho -->
  <testcase name="cMethod" time="0.0" classname="www.testng.com.Parameter">
    <failure type="org.testng.TestNGException" message="
Cannot inject @Test annotated Method [cMethod] with [class java.lang.String].
For more information on native dependency injection please refer to https://testng.org/doc/documentation-main.html#native-dependency-injection">
      <![CDATA[org.testng.TestNGException: 
Cannot inject @Test annotated Method [cMethod] with [class java.lang.String].
For more information on native dependency injection please refer to https://testng.org/doc/documentation-main.html#native-dependency-injection
at java.util.ArrayList.forEach(Unknown Source)
... Removed 26 stack frames]]>
    </failure>
  </testcase> <!-- cMethod -->
</testsuite> <!-- Test -->
