<?xml version="1.0" encoding="UTF-8"?>
<testng-results skipped="0" failed="0" ignored="0" total="3" passed="3">
  <reporter-output>
  </reporter-output>
  <suite name="Default suite" duration-ms="158" started-at="2022-05-31T07:55:09 IST" finished-at="2022-05-31T07:55:09 IST">
    <groups>
    </groups>
    <test name="Default test" duration-ms="158" started-at="2022-05-31T07:55:09 IST" finished-at="2022-05-31T07:55:09 IST">
      <class name="www.testng.com.Data_Provider">
        <test-method status="PASS" signature="aMethod(java.lang.String,java.lang.String)[pri:0, instance:www.testng.com.Data_Provider@ea1a8d5]" name="aMethod" duration-ms="19" started-at="2022-05-31T07:55:09 IST" data-provider="data" finished-at="2022-05-31T07:55:09 IST">
          <params>
            <param index="0">
              <value>
                <![CDATA[abc]]>
              </value>
            </param>
            <param index="1">
              <value>
                <![CDATA[123]]>
              </value>
            </param>
          </params>
          <reporter-output>
          </reporter-output>
        </test-method> <!-- aMethod -->
        <test-method status="PASS" signature="aMethod(java.lang.String,java.lang.String)[pri:0, instance:www.testng.com.Data_Provider@ea1a8d5]" name="aMethod" duration-ms="3" started-at="2022-05-31T07:55:09 IST" data-provider="data" finished-at="2022-05-31T07:55:09 IST">
          <params>
            <param index="0">
              <value>
                <![CDATA[def]]>
              </value>
            </param>
            <param index="1">
              <value>
                <![CDATA[345]]>
              </value>
            </param>
          </params>
          <reporter-output>
          </reporter-output>
        </test-method> <!-- aMethod -->
        <test-method status="PASS" signature="aMethod(java.lang.String,java.lang.String)[pri:0, instance:www.testng.com.Data_Provider@ea1a8d5]" name="aMethod" duration-ms="2" started-at="2022-05-31T07:55:09 IST" data-provider="data" finished-at="2022-05-31T07:55:09 IST">
          <params>
            <param index="0">
              <value>
                <![CDATA[ghi]]>
              </value>
            </param>
            <param index="1">
              <value>
                <![CDATA[678]]>
              </value>
            </param>
          </params>
          <reporter-output>
          </reporter-output>
        </test-method> <!-- aMethod -->
      </class> <!-- www.testng.com.Data_Provider -->
    </test> <!-- Default test -->
  </suite> <!-- Default suite -->
</testng-results>
